<?xml version="1.0" encoding="UTF-8"?>
<!-- Generated by org.testng.reporters.JUnitReportReporter -->
<testsuite hostname="DESKTOP-JBH4NDR" name="Tc_sel.Tc_0011" tests="1" failures="0" timestamp="18 Apr 2023 04:26:29 GMT" time="32.353" errors="0">
  <testcase name="Tc_001" time="32.353" classname="Tc_sel.Tc_0011"/>
</testsuite> <!-- Tc_sel.Tc_0011 -->
